<?xml version="1.0" encoding="UTF-8"?>
<!-- Generated by org.testng.reporters.JUnitReportReporter -->
<testsuite hostname="LAPTOP-NPEQ6NRP" failures="0" tests="1" name="packageofairindiaproject.Airindia_Project.TestCase7_Search_MultiCity" time="32.157" errors="0" timestamp="2025-03-05T13:50:30 IST" skipped="0">
  <testcase classname="packageofairindiaproject.Airindia_Project.TestCase7_Search_MultiCity" name="search_multicity" time="32.157"/>
</testsuite> <!-- packageofairindiaproject.Airindia_Project.TestCase7_Search_MultiCity -->
