<?xml version="1.0" encoding="UTF-8"?>
<!-- Generated by org.testng.reporters.JUnitReportReporter -->
<testsuite hostname="LAPTOP-NPEQ6NRP" failures="0" tests="1" name="packageofairindiaproject.Airindia_Project.TestCase5_Search_TwoWays" time="41.771" errors="0" timestamp="2025-03-03T16:41:07 IST" skipped="0">
  <testcase classname="packageofairindiaproject.Airindia_Project.TestCase5_Search_TwoWays" name="searchroundtripflight" time="41.771"/>
</testsuite> <!-- packageofairindiaproject.Airindia_Project.TestCase5_Search_TwoWays -->
