<?xml version="1.0" encoding="UTF-8"?>
<!-- Generated by org.testng.reporters.JUnitReportReporter -->
<testsuite hostname="LAPTOP-NPEQ6NRP" failures="0" tests="1" name="packageofairindiaproject.Airindia_Project.TestCase6_Search_Class" time="48.729" errors="0" timestamp="2025-03-03T17:46:07 IST" skipped="0">
  <testcase classname="packageofairindiaproject.Airindia_Project.TestCase6_Search_Class" name="searchroundtripflight" time="48.729"/>
</testsuite> <!-- packageofairindiaproject.Airindia_Project.TestCase6_Search_Class -->
