<?xml version="1.0" encoding="UTF-8"?>
<!-- Generated by org.testng.reporters.JUnitReportReporter -->
<testsuite hostname="LAPTOP-NPEQ6NRP" failures="0" tests="1" name="packageofairindiaproject.Airindia_Project.TestCase2_Login_ValidCredentials" time="20.584" errors="0" timestamp="2025-05-09T15:57:23 IST" skipped="0">
  <testcase classname="packageofairindiaproject.Airindia_Project.TestCase2_Login_ValidCredentials" name="loginwithvalidcredentials" time="20.584"/>
</testsuite> <!-- packageofairindiaproject.Airindia_Project.TestCase2_Login_ValidCredentials -->
