<?xml version="1.0" encoding="UTF-8"?>
<!-- Generated by org.testng.reporters.JUnitReportReporter -->
<testsuite hostname="LAPTOP-NPEQ6NRP" failures="0" tests="1" name="packageofairindiaproject.Airindia_Project.TestCase2_Login_ValidCredentials" time="15.233" errors="0" timestamp="2025-05-23T18:03:13 IST" skipped="0">
  <testcase classname="packageofairindiaproject.Airindia_Project.TestCase2_Login_ValidCredentials" name="loginwithvalidcredentials" time="15.233">
    <system-out>
      <![CDATA[Testcase is passed]]>
    </system-out>
  </testcase> <!-- loginwithvalidcredentials -->
  <system-out>
    <![CDATA[Testcase is passed
Testcase is passed
Testcase is passed
Testcase is passed
Testcase is passed
Testcase is passed
Testcase is passed]]>
  </system-out>
</testsuite> <!-- packageofairindiaproject.Airindia_Project.TestCase2_Login_ValidCredentials -->
