<?xml version="1.0" encoding="UTF-8"?>
<!-- Generated by org.testng.reporters.JUnitReportReporter -->
<testsuite hostname="LAPTOP-NPEQ6NRP" failures="0" tests="1" name="packageofairindiaproject.Airindia_Project.TestCase5_Search_TwoWays" time="33.004" errors="0" timestamp="2025-05-23T18:03:13 IST" skipped="0">
  <testcase classname="packageofairindiaproject.Airindia_Project.TestCase5_Search_TwoWays" name="searchroundtripflight" time="33.004">
    <system-out>
      <![CDATA[Testcase is passed]]>
    </system-out>
  </testcase> <!-- searchroundtripflight -->
  <system-out>
    <![CDATA[Testcase is passed
Testcase is passed
Testcase is passed
Testcase is passed
Testcase is passed
Testcase is passed
Testcase is passed]]>
  </system-out>
</testsuite> <!-- packageofairindiaproject.Airindia_Project.TestCase5_Search_TwoWays -->
